<?xml version="1.0" encoding="UTF-8"?>
<testng-results ignored="0" total="1" passed="0" failed="1" skipped="0">
  <reporter-output>
  </reporter-output>
  <suite started-at="2025-01-07T18:02:00 IST" name="Default suite" finished-at="2025-01-07T18:02:08 IST" duration-ms="8739">
    <groups>
    </groups>
    <test started-at="2025-01-07T18:02:00 IST" name="Default test" finished-at="2025-01-07T18:02:08 IST" duration-ms="8739">
      <class name="org.vw.qa.Testcases.OrangeHRMLoginTest">
        <test-method is-config="true" signature="setUp()[pri:0, instance:org.vw.qa.Testcases.OrangeHRMLoginTest@543588e6]" started-at="2025-01-07T18:02:00 IST" name="setUp" finished-at="2025-01-07T18:02:06 IST" duration-ms="6596" status="PASS">
          <reporter-output>
          </reporter-output>
        </test-method> <!-- setUp -->
        <test-method signature="loginTest()[pri:0, instance:org.vw.qa.Testcases.OrangeHRMLoginTest@543588e6]" started-at="2025-01-07T18:02:06 IST" name="loginTest" finished-at="2025-01-07T18:02:08 IST" duration-ms="1540" status="FAIL">
          <exception class="java.lang.NullPointerException">
            <message>
              <![CDATA[Cannot invoke "com.aventstack.extentreports.ExtentTest.fail(String, com.aventstack.extentreports.model.Media)" because the return value of "org.vw.qa.Reports.ExtentManager.getExtentTest()" is null]]>
            </message>
            <full-stacktrace>
              <![CDATA[java.lang.NullPointerException: Cannot invoke "com.aventstack.extentreports.ExtentTest.fail(String, com.aventstack.extentreports.model.Media)" because the return value of "org.vw.qa.Reports.ExtentManager.getExtentTest()" is null
at org.vw.qa.Reports.ExtentLogger.fail(ExtentLogger.java:43)
at org.vw.qa.PageObject.BasePage.click(BasePage.java:21)
at org.vw.qa.PageObject.OrangeHRMHomePage.clickLogin(OrangeHRMHomePage.java:24)
at org.vw.qa.Testcases.OrangeHRMLoginTest.loginTest(OrangeHRMLoginTest.java:21)
at java.base/jdk.internal.reflect.DirectMethodHandleAccessor.invoke(DirectMethodHandleAccessor.java:103)
at java.base/java.lang.reflect.Method.invoke(Method.java:580)
at org.testng.internal.MethodInvocationHelper.invokeMethod(MethodInvocationHelper.java:133)
at org.testng.internal.TestInvoker.invokeMethod(TestInvoker.java:598)
at org.testng.internal.TestInvoker.invokeTestMethod(TestInvoker.java:173)
at org.testng.internal.MethodRunner.runInSequence(MethodRunner.java:46)
at org.testng.internal.TestInvoker$MethodInvocationAgent.invoke(TestInvoker.java:824)
at org.testng.internal.TestInvoker.invokeTestMethods(TestInvoker.java:146)
at org.testng.internal.TestMethodWorker.invokeTestMethods(TestMethodWorker.java:146)
at org.testng.internal.TestMethodWorker.run(TestMethodWorker.java:128)
at java.base/java.util.ArrayList.forEach(ArrayList.java:1596)
at org.testng.TestRunner.privateRun(TestRunner.java:794)
at org.testng.TestRunner.run(TestRunner.java:596)
at org.testng.SuiteRunner.runTest(SuiteRunner.java:377)
at org.testng.SuiteRunner.runSequentially(SuiteRunner.java:371)
at org.testng.SuiteRunner.privateRun(SuiteRunner.java:332)
at org.testng.SuiteRunner.run(SuiteRunner.java:276)
at org.testng.SuiteRunnerWorker.runSuite(SuiteRunnerWorker.java:53)
at org.testng.SuiteRunnerWorker.run(SuiteRunnerWorker.java:96)
at org.testng.TestNG.runSuitesSequentially(TestNG.java:1212)
at org.testng.TestNG.runSuitesLocally(TestNG.java:1134)
at org.testng.TestNG.runSuites(TestNG.java:1063)
at org.testng.TestNG.run(TestNG.java:1031)
at org.testng.remote.AbstractRemoteTestNG.run(AbstractRemoteTestNG.java:115)
at org.testng.remote.RemoteTestNG.initAndRun(RemoteTestNG.java:251)
at org.testng.remote.RemoteTestNG.main(RemoteTestNG.java:77)
]]>
            </full-stacktrace>
          </exception> <!-- java.lang.NullPointerException -->
          <reporter-output>
          </reporter-output>
        </test-method> <!-- loginTest -->
        <test-method is-config="true" signature="teardown()[pri:0, instance:org.vw.qa.Testcases.OrangeHRMLoginTest@543588e6]" started-at="2025-01-07T18:02:08 IST" name="teardown" finished-at="2025-01-07T18:02:08 IST" duration-ms="561" status="PASS">
          <reporter-output>
          </reporter-output>
        </test-method> <!-- teardown -->
      </class> <!-- org.vw.qa.Testcases.OrangeHRMLoginTest -->
    </test> <!-- Default test -->
  </suite> <!-- Default suite -->
</testng-results>
